TN:
SF:__tests__/extensoes.js
FN:5,tenhaSomaDeValoresIgual
FN:10,message
FN:15,sejaDecrescente
FN:20,message
FN:27,message
FNF:5
FNH:2
FNDA:2,tenhaSomaDeValoresIgual
FNDA:0,message
FNDA:2,sejaDecrescente
FNDA:0,message
FNDA:0,message
DA:1,1
DA:2,1
DA:3,1
DA:4,1
DA:5,1
DA:6,2
DA:7,2
DA:8,2
DA:9,2
DA:10,2
DA:11,2
DA:12,2
DA:13,1
DA:14,1
DA:15,1
DA:16,2
DA:17,4
DA:18,4
DA:19,0
DA:20,0
DA:21,0
DA:22,0
DA:23,0
DA:24,4
DA:25,4
DA:26,4
DA:27,4
DA:28,4
DA:29,4
DA:30,4
DA:31,1
DA:32,1
LF:32
LH:27
BRDA:5,0,0,2
BRDA:6,1,0,4
BRDA:15,2,0,2
BRDA:16,3,0,4
BRDA:18,4,0,0
BRF:5
BRH:4
end_of_record
TN:
SF:src/app.js
FNF:0
FNH:0
DA:1,1
DA:2,1
DA:3,1
DA:4,1
DA:5,1
DA:6,1
DA:7,1
DA:8,1
DA:9,1
DA:10,1
DA:11,1
DA:12,2
DA:13,1
DA:14,1
DA:15,1
DA:16,1
DA:17,1
DA:18,1
DA:19,1
DA:20,1
DA:21,1
DA:22,1
DA:23,1
DA:24,5
DA:25,5
DA:26,1
DA:27,1
DA:28,4
DA:29,4
DA:30,4
DA:31,4
DA:32,4
DA:33,4
DA:34,4
DA:35,4
DA:36,3
DA:37,5
DA:38,1
DA:39,1
DA:40,5
DA:41,1
DA:42,1
DA:43,1
LF:43
LH:43
BRDA:11,0,0,2
BRDA:23,1,0,5
BRDA:25,2,0,1
BRDA:27,3,0,4
BRDA:35,4,0,3
BRDA:37,5,0,1
BRF:6
BRH:6
end_of_record
TN:
SF:src/calcula-valor.js
FN:1,arredondar
FN:7,calcularMontante
FN:16,calcularPrestacoes
FNF:3
FNH:3
FNDA:15,arredondar
FNDA:3,calcularMontante
FNDA:3,calcularPrestacoes
DA:1,15
DA:2,15
DA:3,15
DA:4,15
DA:5,15
DA:6,1
DA:7,3
DA:8,3
DA:9,3
DA:10,3
DA:11,3
DA:12,3
DA:13,3
DA:14,3
DA:15,1
DA:16,3
DA:17,3
DA:18,3
DA:19,3
DA:20,3
DA:21,3
DA:22,3
DA:23,3
DA:24,3
DA:25,3
DA:26,3
DA:27,3
DA:28,3
DA:29,3
DA:30,3
DA:31,3
DA:32,3
DA:33,3
DA:34,1
DA:35,1
DA:36,1
DA:37,1
DA:38,1
DA:39,1
LF:39
LH:39
BRDA:1,0,0,15
BRDA:7,1,0,3
BRDA:16,2,0,3
BRDA:22,3,0,0
BRDA:23,4,0,0
BRDA:20,5,0,6
BRDA:27,6,0,6
BRF:7
BRH:5
end_of_record
TN:
SF:src/consulta-cliente.js
FN:7,consultar
FNF:1
FNH:1
FNDA:4,consultar
DA:1,1
DA:2,1
DA:3,1
DA:4,1
DA:5,1
DA:6,1
DA:7,1
DA:8,4
DA:9,4
DA:10,4
DA:11,4
DA:12,4
DA:13,2
DA:14,2
DA:15,2
DA:16,2
DA:17,2
DA:18,4
DA:19,4
DA:20,4
DA:21,4
DA:22,4
DA:23,4
DA:24,4
DA:25,4
DA:26,4
DA:27,2
DA:28,2
DA:29,2
DA:30,2
DA:31,1
DA:32,1
DA:33,2
DA:34,3
DA:35,3
DA:36,3
DA:37,3
DA:38,3
DA:39,3
DA:40,3
DA:41,3
DA:42,3
DA:43,3
DA:44,3
DA:45,3
DA:46,3
DA:47,3
DA:48,3
DA:49,3
DA:50,3
DA:51,3
DA:52,3
DA:53,3
DA:54,3
DA:55,3
DA:56,3
DA:57,1
DA:58,1
DA:59,1
DA:60,1
LF:60
LH:60
BRDA:7,0,0,4
BRDA:12,1,0,2
BRDA:26,2,0,2
BRDA:30,3,0,1
BRDA:33,4,0,3
BRF:5
BRH:5
end_of_record
TN:
SF:src/db.js
FN:14,clienteModel
FN:32,consultaModel
FNF:2
FNH:2
FNDA:1,clienteModel
FNDA:1,consultaModel
DA:1,1
DA:2,1
DA:3,1
DA:4,1
DA:5,1
DA:6,1
DA:7,1
DA:8,1
DA:9,1
DA:10,1
DA:11,1
DA:12,1
DA:13,1
DA:14,1
DA:15,1
DA:16,1
DA:17,1
DA:18,1
DA:19,1
DA:20,1
DA:21,1
DA:22,1
DA:23,1
DA:24,1
DA:25,1
DA:26,1
DA:27,1
DA:28,1
DA:29,1
DA:30,1
DA:31,1
DA:32,1
DA:33,1
DA:34,1
DA:35,1
DA:36,1
DA:37,1
DA:38,1
DA:39,1
DA:40,1
DA:41,1
DA:42,1
DA:43,1
DA:44,1
DA:45,1
DA:46,1
DA:47,1
DA:48,1
DA:49,1
DA:50,1
DA:51,1
DA:52,1
DA:53,1
DA:54,1
DA:55,1
DA:56,1
DA:57,1
DA:58,1
DA:59,1
DA:60,1
DA:61,1
DA:62,1
DA:63,1
DA:64,1
DA:65,1
DA:66,1
DA:67,1
DA:68,1
DA:69,1
LF:69
LH:69
BRDA:14,0,0,1
BRDA:32,1,0,1
BRF:2
BRH:2
end_of_record
